<?xml version="1.0" encoding="UTF-8"?>
<testng-results ignored="0" total="6" passed="6" failed="0" skipped="0">
  <reporter-output>
  </reporter-output>
  <suite started-at="2021-01-05T12:12:39 IST" name="Default suite" finished-at="2021-01-05T12:14:33 IST" duration-ms="114282">
    <groups>
    </groups>
    <test started-at="2021-01-05T12:12:39 IST" name="Default test" finished-at="2021-01-05T12:14:33 IST" duration-ms="114282">
      <class name="test1admintestcases.Logintestcase">
        <test-method is-config="true" signature="setExtent()[pri:0, instance:test1admintestcases.Logintestcase@6f27a732]" started-at="2021-01-05T12:12:38 IST" name="setExtent" finished-at="2021-01-05T12:12:39 IST" duration-ms="886" status="PASS">
          <reporter-output>
          </reporter-output>
        </test-method> <!-- setExtent -->
        <test-method is-config="true" signature="setUp()[pri:0, instance:test1admintestcases.Logintestcase@6f27a732]" started-at="2021-01-05T12:12:39 IST" name="setUp" finished-at="2021-01-05T12:12:55 IST" duration-ms="15825" status="PASS">
          <reporter-output>
          </reporter-output>
        </test-method> <!-- setUp -->
        <test-method signature="TotalValidLinksOnLoginPage()[pri:0, instance:test1admintestcases.Logintestcase@6f27a732]" started-at="2021-01-05T12:12:55 IST" name="TotalValidLinksOnLoginPage" finished-at="2021-01-05T12:12:59 IST" duration-ms="3445" status="PASS">
          <reporter-output>
          </reporter-output>
        </test-method> <!-- TotalValidLinksOnLoginPage -->
        <test-method is-config="true" signature="verifyResults(org.testng.ITestResult)[pri:0, instance:test1admintestcases.Logintestcase@6f27a732]" started-at="2021-01-05T12:12:59 IST" name="verifyResults" finished-at="2021-01-05T12:12:59 IST" duration-ms="38" status="PASS">
          <params>
            <param index="0">
              <value>
                <![CDATA[[TestResult name=TotalValidLinksOnLoginPage status=SUCCESS method=Logintestcase.TotalValidLinksOnLoginPage()[pri:0, instance:test1admintestcases.Logintestcase@6f27a732] output={null}]]]>
              </value>
            </param>
          </params>
          <reporter-output>
          </reporter-output>
        </test-method> <!-- verifyResults -->
        <test-method is-config="true" signature="setUp()[pri:0, instance:test1admintestcases.Logintestcase@6f27a732]" started-at="2021-01-05T12:12:59 IST" name="setUp" finished-at="2021-01-05T12:13:10 IST" duration-ms="11880" status="PASS">
          <reporter-output>
          </reporter-output>
        </test-method> <!-- setUp -->
        <test-method signature="verifyTitle()[pri:0, instance:test1admintestcases.Logintestcase@6f27a732]" started-at="2021-01-05T12:13:10 IST" name="verifyTitle" finished-at="2021-01-05T12:13:11 IST" duration-ms="79" status="PASS">
          <reporter-output>
          </reporter-output>
        </test-method> <!-- verifyTitle -->
        <test-method is-config="true" signature="verifyResults(org.testng.ITestResult)[pri:0, instance:test1admintestcases.Logintestcase@6f27a732]" started-at="2021-01-05T12:13:11 IST" name="verifyResults" finished-at="2021-01-05T12:13:11 IST" duration-ms="3" status="PASS">
          <params>
            <param index="0">
              <value>
                <![CDATA[[TestResult name=verifyTitle status=SUCCESS method=Logintestcase.verifyTitle()[pri:0, instance:test1admintestcases.Logintestcase@6f27a732] output={null}]]]>
              </value>
            </param>
          </params>
          <reporter-output>
          </reporter-output>
        </test-method> <!-- verifyResults -->
        <test-method is-config="true" signature="setUp()[pri:0, instance:test1admintestcases.Logintestcase@6f27a732]" started-at="2021-01-05T12:13:11 IST" name="setUp" finished-at="2021-01-05T12:13:23 IST" duration-ms="12318" status="PASS">
          <reporter-output>
          </reporter-output>
        </test-method> <!-- setUp -->
        <test-method signature="verifylogo()[pri:1, instance:test1admintestcases.Logintestcase@6f27a732]" started-at="2021-01-05T12:13:23 IST" name="verifylogo" finished-at="2021-01-05T12:13:23 IST" duration-ms="458" status="PASS">
          <reporter-output>
          </reporter-output>
        </test-method> <!-- verifylogo -->
        <test-method is-config="true" signature="verifyResults(org.testng.ITestResult)[pri:0, instance:test1admintestcases.Logintestcase@6f27a732]" started-at="2021-01-05T12:13:23 IST" name="verifyResults" finished-at="2021-01-05T12:13:23 IST" duration-ms="7" status="PASS">
          <params>
            <param index="0">
              <value>
                <![CDATA[[TestResult name=verifylogo status=SUCCESS method=Logintestcase.verifylogo()[pri:1, instance:test1admintestcases.Logintestcase@6f27a732] output={null}]]]>
              </value>
            </param>
          </params>
          <reporter-output>
          </reporter-output>
        </test-method> <!-- verifyResults -->
        <test-method is-config="true" signature="setUp()[pri:0, instance:test1admintestcases.Logintestcase@6f27a732]" started-at="2021-01-05T12:13:23 IST" name="setUp" finished-at="2021-01-05T12:13:36 IST" duration-ms="12199" status="PASS">
          <reporter-output>
          </reporter-output>
        </test-method> <!-- setUp -->
        <test-method signature="Verifyloginheader()[pri:2, instance:test1admintestcases.Logintestcase@6f27a732]" started-at="2021-01-05T12:13:36 IST" name="Verifyloginheader" finished-at="2021-01-05T12:13:36 IST" duration-ms="497" status="PASS">
          <reporter-output>
          </reporter-output>
        </test-method> <!-- Verifyloginheader -->
        <test-method is-config="true" signature="verifyResults(org.testng.ITestResult)[pri:0, instance:test1admintestcases.Logintestcase@6f27a732]" started-at="2021-01-05T12:13:36 IST" name="verifyResults" finished-at="2021-01-05T12:13:36 IST" duration-ms="3" status="PASS">
          <params>
            <param index="0">
              <value>
                <![CDATA[[TestResult name=Verifyloginheader status=SUCCESS method=Logintestcase.Verifyloginheader()[pri:2, instance:test1admintestcases.Logintestcase@6f27a732] output={null}]]]>
              </value>
            </param>
          </params>
          <reporter-output>
          </reporter-output>
        </test-method> <!-- verifyResults -->
        <test-method is-config="true" signature="setUp()[pri:0, instance:test1admintestcases.Logintestcase@6f27a732]" started-at="2021-01-05T12:13:36 IST" name="setUp" finished-at="2021-01-05T12:13:56 IST" duration-ms="19427" status="PASS">
          <reporter-output>
          </reporter-output>
        </test-method> <!-- setUp -->
        <test-method signature="verifyforgetpassword()[pri:3, instance:test1admintestcases.Logintestcase@6f27a732]" started-at="2021-01-05T12:13:56 IST" name="verifyforgetpassword" finished-at="2021-01-05T12:14:05 IST" duration-ms="9146" status="PASS">
          <reporter-output>
          </reporter-output>
        </test-method> <!-- verifyforgetpassword -->
        <test-method is-config="true" signature="verifyResults(org.testng.ITestResult)[pri:0, instance:test1admintestcases.Logintestcase@6f27a732]" started-at="2021-01-05T12:14:05 IST" name="verifyResults" finished-at="2021-01-05T12:14:05 IST" duration-ms="6" status="PASS">
          <params>
            <param index="0">
              <value>
                <![CDATA[[TestResult name=verifyforgetpassword status=SUCCESS method=Logintestcase.verifyforgetpassword()[pri:3, instance:test1admintestcases.Logintestcase@6f27a732] output={null}]]]>
              </value>
            </param>
          </params>
          <reporter-output>
          </reporter-output>
        </test-method> <!-- verifyResults -->
        <test-method is-config="true" signature="setUp()[pri:0, instance:test1admintestcases.Logintestcase@6f27a732]" started-at="2021-01-05T12:14:05 IST" name="setUp" finished-at="2021-01-05T12:14:18 IST" duration-ms="12832" status="PASS">
          <reporter-output>
          </reporter-output>
        </test-method> <!-- setUp -->
        <test-method signature="validatelogin()[pri:4, instance:test1admintestcases.Logintestcase@6f27a732]" started-at="2021-01-05T12:14:18 IST" name="validatelogin" finished-at="2021-01-05T12:14:28 IST" duration-ms="10899" status="PASS">
          <reporter-output>
          </reporter-output>
        </test-method> <!-- validatelogin -->
        <test-method is-config="true" signature="verifyResults(org.testng.ITestResult)[pri:0, instance:test1admintestcases.Logintestcase@6f27a732]" started-at="2021-01-05T12:14:28 IST" name="verifyResults" finished-at="2021-01-05T12:14:28 IST" duration-ms="11" status="PASS">
          <params>
            <param index="0">
              <value>
                <![CDATA[[TestResult name=validatelogin status=SUCCESS method=Logintestcase.validatelogin()[pri:4, instance:test1admintestcases.Logintestcase@6f27a732] output={null}]]]>
              </value>
            </param>
          </params>
          <reporter-output>
          </reporter-output>
        </test-method> <!-- verifyResults -->
        <test-method is-config="true" signature="endReport()[pri:0, instance:test1admintestcases.Logintestcase@6f27a732]" started-at="2021-01-05T12:14:28 IST" name="endReport" finished-at="2021-01-05T12:14:33 IST" duration-ms="4951" status="PASS">
          <reporter-output>
          </reporter-output>
        </test-method> <!-- endReport -->
      </class> <!-- test1admintestcases.Logintestcase -->
    </test> <!-- Default test -->
  </suite> <!-- Default suite -->
</testng-results>
