<?xml version="1.0" encoding="UTF-8"?>
<!-- Generated by org.testng.reporters.JUnitXMLReporter -->
<testsuite ignored="0" hostname="DESKTOP-I35SKP6" failures="0" tests="6" name="Default test" time="114.282" errors="0" timestamp="2021-01-05T12:14:34 IST">
  <testcase classname="test1admintestcases.Logintestcase" name="TotalValidLinksOnLoginPage" time="3.445"/>
  <testcase classname="test1admintestcases.Logintestcase" name="verifyTitle" time="0.079"/>
  <testcase classname="test1admintestcases.Logintestcase" name="verifylogo" time="0.458"/>
  <testcase classname="test1admintestcases.Logintestcase" name="Verifyloginheader" time="0.497"/>
  <testcase classname="test1admintestcases.Logintestcase" name="verifyforgetpassword" time="9.146"/>
  <testcase classname="test1admintestcases.Logintestcase" name="validatelogin" time="10.899"/>
</testsuite> <!-- Default test -->
